<?xml version="1.0" encoding="UTF-8"?>
<testsuite name="getAllUsers()" tests="1" skipped="0" failures="0" errors="0" timestamp="2026-01-18T20:46:01" hostname="KUKYOUMI" time="0.038">
  <properties/>
  <testcase name="должен вернуть страницу пользователей" classname="com.ecommerce.user.UserServiceTest$GetAllUsersTests" time="0.038"/>
  <system-out><![CDATA[23:46:01.182 [Test worker] INFO com.ecommerce.user.service.UserService -- Getting all users, page: 0, size: 10
]]></system-out>
  <system-err><![CDATA[]]></system-err>
</testsuite>
