<?xml version="1.0" encoding="UTF-8"?>
<testsuite name="com.ecommerce.auth.service.AuthServiceTest" tests="8" skipped="0" failures="0" errors="0" timestamp="2026-01-15T19:55:20" hostname="KUKYOUMI" time="0.375">
  <properties/>
  <testcase name="register: успешная регистрация" classname="com.ecommerce.auth.service.AuthServiceTest" time="0.321"/>
  <testcase name="logout: успешный logout" classname="com.ecommerce.auth.service.AuthServiceTest" time="0.008"/>
  <testcase name="refreshToken: ошибка - невалидный token" classname="com.ecommerce.auth.service.AuthServiceTest" time="0.011"/>
  <testcase name="login: ошибка - неверные credentials" classname="com.ecommerce.auth.service.AuthServiceTest" time="0.01"/>
  <testcase name="register: ошибка - username существует" classname="com.ecommerce.auth.service.AuthServiceTest" time="0.004"/>
  <testcase name="login: успешный вход" classname="com.ecommerce.auth.service.AuthServiceTest" time="0.005"/>
  <testcase name="register: ошибка - email существует" classname="com.ecommerce.auth.service.AuthServiceTest" time="0.003"/>
  <testcase name="refreshToken: успешное обновление" classname="com.ecommerce.auth.service.AuthServiceTest" time="0.004"/>
  <system-out><![CDATA[22:55:20.866 [Test worker] INFO com.ecommerce.auth.service.AuthService -- Registering new user: newuser
22:55:20.871 [Test worker] INFO com.ecommerce.auth.service.AuthService -- User registered successfully: testuser
22:55:20.926 [Test worker] INFO com.ecommerce.auth.service.AuthService -- Logout request
22:55:20.927 [Test worker] INFO com.ecommerce.auth.service.AuthService -- Refresh token revoked for user: testuser
22:55:20.937 [Test worker] INFO com.ecommerce.auth.service.AuthService -- Refresh token request
22:55:20.953 [Test worker] INFO com.ecommerce.auth.service.AuthService -- User login attempt: testuser
22:55:20.958 [Test worker] INFO com.ecommerce.auth.service.AuthService -- Registering new user: newuser
22:55:20.963 [Test worker] INFO com.ecommerce.auth.service.AuthService -- User login attempt: testuser
22:55:20.963 [Test worker] INFO com.ecommerce.auth.service.AuthService -- User logged in successfully: testuser
22:55:20.970 [Test worker] INFO com.ecommerce.auth.service.AuthService -- Registering new user: newuser
22:55:20.973 [Test worker] INFO com.ecommerce.auth.service.AuthService -- Refresh token request
22:55:20.974 [Test worker] INFO com.ecommerce.auth.service.AuthService -- Access token refreshed for user: testuser
]]></system-out>
  <system-err><![CDATA[]]></system-err>
</testsuite>
