<?xml version="1.0" encoding="UTF-8"?>
<testsuite name="com.ecommerce.kafka.NotificationKafkaListenerTest" tests="1" skipped="0" failures="0" errors="0" timestamp="2026-01-18T20:49:05" hostname="KUKYOUMI" time="3.135">
  <properties/>
  <testcase name="testHandleOrderCreated()" classname="com.ecommerce.kafka.NotificationKafkaListenerTest" time="3.135"/>
  <system-out><![CDATA[23:49:08.158 [Test worker] INFO com.ecommerce.notification.kafka.NotificationKafkaListener -- ]]>&#x1f4e8;<![CDATA[ Received message from topic 'order.created', offset: 0
23:49:08.185 [Test worker] INFO com.ecommerce.notification.kafka.NotificationKafkaListener -- ✅ Successfully processed order.created event for orderId: ORDER-123
]]></system-out>
  <system-err><![CDATA[WARNING: A Java agent has been loaded dynamically (C:\Users\Kukyo\.gradle\caches\modules-2\files-2.1\net.bytebuddy\byte-buddy-agent\1.14.10\90ed94ac044ea8953b224304c762316e91fd6b31\byte-buddy-agent-1.14.10.jar)
WARNING: If a serviceability tool is in use, please run with -XX:+EnableDynamicAgentLoading to hide this warning
WARNING: If a serviceability tool is not in use, please run with -Djdk.instrument.traceUsage for more information
WARNING: Dynamic loading of agents will be disallowed by default in a future release
]]></system-err>
</testsuite>
