<?xml version="1.0" encoding="UTF-8"?>
<testsuite name="com.ecommerce.integration.MongoDBIntegrationTest" tests="2" skipped="2" failures="0" errors="0" timestamp="2026-01-18T20:49:05" hostname="KUKYOUMI" time="0.001">
  <properties/>
  <testcase name="testFindByEventTypeAndEnabled()" classname="com.ecommerce.integration.MongoDBIntegrationTest" time="0.0">
    <skipped/>
  </testcase>
  <testcase name="testSaveAndFindTemplate()" classname="com.ecommerce.integration.MongoDBIntegrationTest" time="0.0">
    <skipped/>
  </testcase>
  <system-out><![CDATA[]]></system-out>
  <system-err><![CDATA[]]></system-err>
</testsuite>
