<?xml version="1.0" encoding="UTF-8"?>
<testsuite name="getOrdersByUser()" tests="2" skipped="0" failures="0" errors="0" timestamp="2026-01-18T20:42:58" hostname="KUKYOUMI" time="0.047">
  <properties/>
  <testcase name="должен вернуть пустую страницу если заказов нет" classname="com.orderplatform.order.service.OrderServiceTest$GetOrdersByUserTests" time="0.041"/>
  <testcase name="должен вернуть страницу заказов пользователя" classname="com.orderplatform.order.service.OrderServiceTest$GetOrdersByUserTests" time="0.004"/>
  <system-out><![CDATA[]]></system-out>
  <system-err><![CDATA[]]></system-err>
</testsuite>
