<?xml version="1.0" encoding="UTF-8"?>
<testsuite name="Event Processing Idempotency" tests="4" skipped="0" failures="0" errors="0" timestamp="2026-01-18T20:42:54" hostname="KUKYOUMI" time="3.493">
  <properties/>
  <testcase name="не должен повторно сохранять уже обработанное событие" classname="com.orderplatform.order.service.OrderServiceTest$IdempotencyTests" time="3.268"/>
  <testcase name="должен возвращать false для необработанного события" classname="com.orderplatform.order.service.OrderServiceTest$IdempotencyTests" time="0.198"/>
  <testcase name="должен пометить событие как обработанное" classname="com.orderplatform.order.service.OrderServiceTest$IdempotencyTests" time="0.01"/>
  <testcase name="должен возвращать true для обработанного события" classname="com.orderplatform.order.service.OrderServiceTest$IdempotencyTests" time="0.004"/>
  <system-out><![CDATA[]]></system-out>
  <system-err><![CDATA[WARNING: A Java agent has been loaded dynamically (C:\Users\Kukyo\.gradle\caches\modules-2\files-2.1\net.bytebuddy\byte-buddy-agent\1.14.10\90ed94ac044ea8953b224304c762316e91fd6b31\byte-buddy-agent-1.14.10.jar)
WARNING: If a serviceability tool is in use, please run with -XX:+EnableDynamicAgentLoading to hide this warning
WARNING: If a serviceability tool is not in use, please run with -Djdk.instrument.traceUsage for more information
WARNING: Dynamic loading of agents will be disallowed by default in a future release
]]></system-err>
</testsuite>
