<?xml version="1.0" encoding="UTF-8"?>
<testsuite name="getOrder()" tests="2" skipped="0" failures="0" errors="0" timestamp="2026-01-18T20:42:58" hostname="KUKYOUMI" time="0.007">
  <properties/>
  <testcase name="должен вернуть заказ по ID" classname="com.orderplatform.order.service.OrderServiceTest$GetOrderTests" time="0.003"/>
  <testcase name="должен выбросить OrderNotFoundException если заказ не найден" classname="com.orderplatform.order.service.OrderServiceTest$GetOrderTests" time="0.003"/>
  <system-out><![CDATA[]]></system-out>
  <system-err><![CDATA[]]></system-err>
</testsuite>
